  AllMaps.cpp
c:\program files (x86)\microsoft visual studio\2017\enterprise\vc\tools\msvc\14.13.26128\include\xmemory0(919): error C2280: 'Map::Map(const Map &)': attempting to reference a deleted function
  c:\users\ezech\iclouddrive\programming\c++\datastructure2018_final-project\visualstudiosolution\finalproject\finalproject\maptext.h(32): note: compiler has generated 'Map::Map' here
  c:\program files (x86)\microsoft visual studio\2017\enterprise\vc\tools\msvc\14.13.26128\include\vector(947): note: see reference to function template instantiation 'void std::_Default_allocator_traits<_Alloc>::construct<_Ty,const _Ty&>(_Alloc &,_Objty *const ,const _Ty &)' being compiled
          with
          [
              _Alloc=std::allocator<Map>,
              _Ty=Map,
              _Objty=Map
          ]
  c:\program files (x86)\microsoft visual studio\2017\enterprise\vc\tools\msvc\14.13.26128\include\vector(968): note: see reference to function template instantiation 'void std::_Default_allocator_traits<_Alloc>::construct<_Ty,const _Ty&>(_Alloc &,_Objty *const ,const _Ty &)' being compiled
          with
          [
              _Alloc=std::allocator<Map>,
              _Ty=Map,
              _Objty=Map
          ]
  c:\program files (x86)\microsoft visual studio\2017\enterprise\vc\tools\msvc\14.13.26128\include\vector(991): note: see reference to function template instantiation 'void std::vector<Map,std::allocator<_Ty>>::emplace_back<const _Ty&>(const _Ty &)' being compiled
          with
          [
              _Ty=Map
          ]
  c:\program files (x86)\microsoft visual studio\2017\enterprise\vc\tools\msvc\14.13.26128\include\vector(990): note: while compiling class template member function 'void std::vector<Map,std::allocator<_Ty>>::push_back(const _Ty &)'
          with
          [
              _Ty=Map
          ]
  c:\users\ezech\iclouddrive\programming\c++\datastructure2018_final-project\visualstudiosolution\finalproject\finalproject\allmaps.cpp(25): note: see reference to function template instantiation 'void std::vector<Map,std::allocator<_Ty>>::push_back(const _Ty &)' being compiled
          with
          [
              _Ty=Map
          ]
  c:\users\ezech\iclouddrive\programming\c++\datastructure2018_final-project\visualstudiosolution\finalproject\finalproject\allmaps.h(12): note: see reference to class template instantiation 'std::vector<Map,std::allocator<_Ty>>' being compiled
          with
          [
              _Ty=Map
          ]
  c:\users\ezech\iclouddrive\programming\c++\datastructure2018_final-project\visualstudiosolution\finalproject\finalproject\maptext.h(32): note: 'Map::Map(const Map &)': function was implicitly deleted because a data member invokes a deleted or inaccessible function 'std::basic_ofstream<char,std::char_traits<char>>::basic_ofstream(const std::basic_ofstream<char,std::char_traits<char>> &)'
  c:\program files (x86)\microsoft visual studio\2017\enterprise\vc\tools\msvc\14.13.26128\include\fstream(1073): note: 'std::basic_ofstream<char,std::char_traits<char>>::basic_ofstream(const std::basic_ofstream<char,std::char_traits<char>> &)': function was explicitly deleted
